This is pdfTeX, Version 3.14159265-2.6-1.40.18 (TeX Live 2017/Debian) (preloaded format=pdflatex 2018.3.5)  4 NOV 2018 23:25
entering extended mode
 restricted \write18 enabled.
 file:line:error style messages enabled.
 %&-line parsing enabled.
**/home/lunarpulse/catkin_ws/src/racer_bot/report/report_template.tex
(/home/lunarpulse/catkin_ws/src/racer_bot/report/report_template.tex
LaTeX2e <2017-04-15>
Babel <3.10> and hyphenation patterns for 28 language(s) loaded.
(./IEEEtran.cls
Document Class: IEEEtran 2015/08/26 V1.8b by Michael Shell
-- See the "IEEEtran_HOWTO" manual for usage information.
-- http://www.michaelshell.org/tex/ieeetran/
\@IEEEtrantmpdimenA=\dimen102
\@IEEEtrantmpdimenB=\dimen103
\@IEEEtrantmpdimenC=\dimen104
\@IEEEtrantmpcountA=\count79
\@IEEEtrantmpcountB=\count80
\@IEEEtrantmpcountC=\count81
\@IEEEtrantmptoksA=\toks14
LaTeX Font Info:    Try loading font information for OT1+ppl on input line 503.
(/usr/share/texlive/texmf-dist/tex/latex/psnfss/ot1ppl.fd
File: ot1ppl.fd 2001/06/04 font definitions for OT1/ppl.
)
-- Using IEEE Computer Society mode.
-- Using 8.5in x 11in (letter) paper.
-- Using PDF output.
\@IEEEnormalsizeunitybaselineskip=\dimen105
-- This is a 10 point document.
\CLASSINFOnormalsizebaselineskip=\dimen106
\CLASSINFOnormalsizeunitybaselineskip=\dimen107
\IEEEnormaljot=\dimen108
LaTeX Font Info:    Font shape `OT1/ppl/bx/n' in size <5.01874> not available
(Font)              Font shape `OT1/ppl/b/n' tried instead on input line 1090.
LaTeX Font Info:    Font shape `OT1/ppl/bx/it' in size <5.01874> not available
(Font)              Font shape `OT1/ppl/b/it' tried instead on input line 1090.
LaTeX Font Info:    Font shape `OT1/ppl/bx/n' in size <7.02625> not available
(Font)              Font shape `OT1/ppl/b/n' tried instead on input line 1090.
LaTeX Font Info:    Font shape `OT1/ppl/bx/it' in size <7.02625> not available
(Font)              Font shape `OT1/ppl/b/it' tried instead on input line 1090.
LaTeX Font Info:    Font shape `OT1/ppl/bx/n' in size <8.03> not available
(Font)              Font shape `OT1/ppl/b/n' tried instead on input line 1090.
LaTeX Font Info:    Font shape `OT1/ppl/bx/it' in size <8.03> not available
(Font)              Font shape `OT1/ppl/b/it' tried instead on input line 1090.
LaTeX Font Info:    Font shape `OT1/ppl/bx/n' in size <9.03374> not available
(Font)              Font shape `OT1/ppl/b/n' tried instead on input line 1090.
LaTeX Font Info:    Font shape `OT1/ppl/bx/it' in size <9.03374> not available
(Font)              Font shape `OT1/ppl/b/it' tried instead on input line 1090.
LaTeX Font Info:    Font shape `OT1/ppl/bx/n' in size <9.53561> not available
(Font)              Font shape `OT1/ppl/b/n' tried instead on input line 1090.
LaTeX Font Info:    Font shape `OT1/ppl/bx/it' in size <9.53561> not available
(Font)              Font shape `OT1/ppl/b/it' tried instead on input line 1090.
LaTeX Font Info:    Font shape `OT1/ppl/bx/n' in size <11.04124> not available
(Font)              Font shape `OT1/ppl/b/n' tried instead on input line 1090.
LaTeX Font Info:    Font shape `OT1/ppl/bx/it' in size <11.04124> not available
(Font)              Font shape `OT1/ppl/b/it' tried instead on input line 1090.
LaTeX Font Info:    Font shape `OT1/ppl/bx/n' in size <12.045> not available
(Font)              Font shape `OT1/ppl/b/n' tried instead on input line 1090.
LaTeX Font Info:    Font shape `OT1/ppl/bx/it' in size <12.045> not available
(Font)              Font shape `OT1/ppl/b/it' tried instead on input line 1090.
LaTeX Font Info:    Font shape `OT1/ppl/bx/n' in size <17.06374> not available
(Font)              Font shape `OT1/ppl/b/n' tried instead on input line 1090.
LaTeX Font Info:    Font shape `OT1/ppl/bx/it' in size <17.06374> not available
(Font)              Font shape `OT1/ppl/b/it' tried instead on input line 1090.
LaTeX Font Info:    Font shape `OT1/ppl/bx/n' in size <20.075> not available
(Font)              Font shape `OT1/ppl/b/n' tried instead on input line 1090.
LaTeX Font Info:    Font shape `OT1/ppl/bx/it' in size <20.075> not available
(Font)              Font shape `OT1/ppl/b/it' tried instead on input line 1090.
LaTeX Font Info:    Font shape `OT1/ppl/bx/n' in size <24.09> not available
(Font)              Font shape `OT1/ppl/b/n' tried instead on input line 1090.
LaTeX Font Info:    Font shape `OT1/ppl/bx/it' in size <24.09> not available
(Font)              Font shape `OT1/ppl/b/it' tried instead on input line 1090.
\IEEEquantizedlength=\dimen109
\IEEEquantizedlengthdiff=\dimen110
\IEEEquantizedtextheightdiff=\dimen111
\IEEEilabelindentA=\dimen112
\IEEEilabelindentB=\dimen113
\IEEEilabelindent=\dimen114
\IEEEelabelindent=\dimen115
\IEEEdlabelindent=\dimen116
\IEEElabelindent=\dimen117
\IEEEiednormlabelsep=\dimen118
\IEEEiedmathlabelsep=\dimen119
\IEEEiedtopsep=\skip41
\c@section=\count82
\c@subsection=\count83
\c@subsubsection=\count84
\c@paragraph=\count85
\c@IEEEsubequation=\count86
\abovecaptionskip=\skip42
\belowcaptionskip=\skip43
\c@figure=\count87
\c@table=\count88
\@IEEEeqnnumcols=\count89
\@IEEEeqncolcnt=\count90
\@IEEEsubeqnnumrollback=\count91
\@IEEEquantizeheightA=\dimen120
\@IEEEquantizeheightB=\dimen121
\@IEEEquantizeheightC=\dimen122
\@IEEEquantizeprevdepth=\dimen123
\@IEEEquantizemultiple=\count92
\@IEEEquantizeboxA=\box26
\@IEEEtmpitemindent=\dimen124
\IEEEPARstartletwidth=\dimen125
\c@IEEEbiography=\count93
\@IEEEtranrubishbin=\box27
) (/usr/share/texlive/texmf-dist/tex/latex/listings/listings.sty (/usr/share/texlive/texmf-dist/tex/latex/graphics/keyval.sty
Package: keyval 2014/10/28 v1.15 key=value parser (DPC)
\KV@toks@=\toks15
)
\lst@mode=\count94
\lst@gtempboxa=\box28
\lst@token=\toks16
\lst@length=\count95
\lst@currlwidth=\dimen126
\lst@column=\count96
\lst@pos=\count97
\lst@lostspace=\dimen127
\lst@width=\dimen128
\lst@newlines=\count98
\lst@lineno=\count99
\lst@maxwidth=\dimen129
 (/usr/share/texlive/texmf-dist/tex/latex/listings/lstmisc.sty
File: lstmisc.sty 2015/06/04 1.6 (Carsten Heinz)
\c@lstnumber=\count100
\lst@skipnumbers=\count101
\lst@framebox=\box29
) (/usr/share/texlive/texmf-dist/tex/latex/listings/listings.cfg
File: listings.cfg 2015/06/04 1.6 listings configuration
))
Package: listings 2015/06/04 1.6 (Carsten Heinz)
 (/usr/share/texlive/texmf-dist/tex/latex/graphics/graphicx.sty
Package: graphicx 2017/06/01 v1.1a Enhanced LaTeX Graphics (DPC,SPQR)
 (/usr/share/texlive/texmf-dist/tex/latex/graphics/graphics.sty
Package: graphics 2017/06/13 v1.2b Standard LaTeX Graphics (DPC,SPQR)
 (/usr/share/texlive/texmf-dist/tex/latex/graphics/trig.sty
Package: trig 2016/01/03 v1.10 sin cos tan (DPC)
) (/usr/share/texlive/texmf-dist/tex/latex/graphics-cfg/graphics.cfg
File: graphics.cfg 2016/06/04 v1.11 sample graphics configuration
)
Package graphics Info: Driver file: pdftex.def on input line 99.
 (/usr/share/texlive/texmf-dist/tex/latex/graphics-def/pdftex.def
File: pdftex.def 2017/06/17 v1.0e Graphics/color driver for pdftex
))
\Gin@req@height=\dimen130
\Gin@req@width=\dimen131
) (/usr/share/texlive/texmf-dist/tex/latex/cite/cite.sty
LaTeX Info: Redefining \cite on input line 302.
LaTeX Info: Redefining \nocite on input line 332.
Package: cite 2015/02/27  v 5.5
) (./report_template.aux)
\openout1 = `report_template.aux'.

LaTeX Font Info:    Checking defaults for OML/cmm/m/it on input line 9.
LaTeX Font Info:    ... okay on input line 9.
LaTeX Font Info:    Checking defaults for T1/cmr/m/n on input line 9.
LaTeX Font Info:    ... okay on input line 9.
LaTeX Font Info:    Checking defaults for OT1/cmr/m/n on input line 9.
LaTeX Font Info:    ... okay on input line 9.
LaTeX Font Info:    Checking defaults for OMS/cmsy/m/n on input line 9.
LaTeX Font Info:    ... okay on input line 9.
LaTeX Font Info:    Checking defaults for OMX/cmex/m/n on input line 9.
LaTeX Font Info:    ... okay on input line 9.
LaTeX Font Info:    Checking defaults for U/cmr/m/n on input line 9.
LaTeX Font Info:    ... okay on input line 9.

-- Lines per column: 61 (exact).
\c@lstlisting=\count102
(/usr/share/texlive/texmf-dist/tex/context/base/mkii/supp-pdf.mkii
[Loading MPS to PDF converter (version 2006.09.02).]
\scratchcounter=\count103
\scratchdimen=\dimen132
\scratchbox=\box30
\nofMPsegments=\count104
\nofMParguments=\count105
\everyMPshowfont=\toks17
\MPscratchCnt=\count106
\MPscratchDim=\dimen133
\MPnumerator=\count107
\makeMPintoPDFobject=\count108
\everyMPtoPDFconversion=\toks18
) (/usr/share/texlive/texmf-dist/tex/latex/oberdiek/epstopdf-base.sty
Package: epstopdf-base 2016/05/15 v2.6 Base part for package epstopdf
 (/usr/share/texlive/texmf-dist/tex/generic/oberdiek/infwarerr.sty
Package: infwarerr 2016/05/16 v1.4 Providing info/warning/error messages (HO)
) (/usr/share/texlive/texmf-dist/tex/latex/oberdiek/grfext.sty
Package: grfext 2016/05/16 v1.2 Manage graphics extensions (HO)
 (/usr/share/texlive/texmf-dist/tex/generic/oberdiek/kvdefinekeys.sty
Package: kvdefinekeys 2016/05/16 v1.4 Define keys (HO)
 (/usr/share/texlive/texmf-dist/tex/generic/oberdiek/ltxcmds.sty
Package: ltxcmds 2016/05/16 v1.23 LaTeX kernel commands for general use (HO)
))) (/usr/share/texlive/texmf-dist/tex/latex/oberdiek/kvoptions.sty
Package: kvoptions 2016/05/16 v3.12 Key value format for package options (HO)
 (/usr/share/texlive/texmf-dist/tex/generic/oberdiek/kvsetkeys.sty
Package: kvsetkeys 2016/05/16 v1.17 Key value parser (HO)
 (/usr/share/texlive/texmf-dist/tex/generic/oberdiek/etexcmds.sty
Package: etexcmds 2016/05/16 v1.6 Avoid name clashes with e-TeX commands (HO)
 (/usr/share/texlive/texmf-dist/tex/generic/oberdiek/ifluatex.sty
Package: ifluatex 2016/05/16 v1.4 Provides the ifluatex switch (HO)
Package ifluatex Info: LuaTeX not detected.
)
Package etexcmds Info: Could not find \expanded.
(etexcmds)             That can mean that you are not using pdfTeX 1.50 or
(etexcmds)             that some package has redefined \expanded.
(etexcmds)             In the latter case, load this package earlier.
))) (/usr/share/texlive/texmf-dist/tex/generic/oberdiek/pdftexcmds.sty
Package: pdftexcmds 2017/03/19 v0.25 Utility functions of pdfTeX for LuaTeX (HO)
 (/usr/share/texlive/texmf-dist/tex/generic/oberdiek/ifpdf.sty
Package: ifpdf 2017/03/15 v3.2 Provides the ifpdf switch
)
Package pdftexcmds Info: LuaTeX not detected.
Package pdftexcmds Info: \pdf@primitive is available.
Package pdftexcmds Info: \pdf@ifprimitive is available.
Package pdftexcmds Info: \pdfdraftmode found.
)
Package epstopdf-base Info: Redefining graphics rule for `.eps' on input line 438.
Package grfext Info: Graphics extension search list:
(grfext)             [.pdf,.png,.jpg,.mps,.jpeg,.jbig2,.jb2,.PDF,.PNG,.JPG,.JPEG,.JBIG2,.JB2,.eps]
(grfext)             \AppendGraphicsExtensions on input line 456.
 (/usr/share/texlive/texmf-dist/tex/latex/latexconfig/epstopdf-sys.cfg
File: epstopdf-sys.cfg 2010/07/13 v1.3 Configuration of (r)epstopdf for TeX Live
))
LaTeX Font Info:    Try loading font information for OT1+phv on input line 30.
 (/usr/share/texlive/texmf-dist/tex/latex/psnfss/ot1phv.fd
File: ot1phv.fd 2001/06/04 scalable font definitions for OT1/phv.
)
LaTeX Font Info:    Font shape `OT1/phv/bx/n' in size <8.03> not available
(Font)              Font shape `OT1/phv/b/n' tried instead on input line 30.
LaTeX Font Info:    Calculating math sizes for size <11.04124> on input line 30.
LaTeX Font Info:    External font `cmex10' loaded for size
(Font)              <11.04124> on input line 30.
LaTeX Font Info:    External font `cmex10' loaded for size
(Font)              <7.72884> on input line 30.
LaTeX Font Info:    External font `cmex10' loaded for size
(Font)              <5.52061> on input line 30.
LaTeX Font Info:    Try loading font information for U+pzd on input line 30.
 (/usr/share/texlive/texmf-dist/tex/latex/psnfss/upzd.fd
File: upzd.fd 2001/06/04 font definitions for U/pzd.
)
LaTeX Font Info:    Font shape `OT1/phv/bx/n' in size <11.04124> not available
(Font)              Font shape `OT1/phv/b/n' tried instead on input line 33.
LaTeX Font Info:    Font shape `OT1/phv/bx/sc' in size <11.04124> not available
(Font)              Font shape `OT1/phv/b/sc' tried instead on input line 33.
LaTeX Font Info:    Font shape `OT1/phv/bx/n' in size <9.53561> not available
(Font)              Font shape `OT1/phv/b/n' tried instead on input line 44.
<./img/mcl_algo.png, id=1, 905.3825pt x 586.19pt>
File: ./img/mcl_algo.png Graphic file (type png)
<use ./img/mcl_algo.png>
Package pdftex.def Info: ./img/mcl_algo.png  used on input line 53. on input line 53.
Package pdftex.def Info: Requested size: 252.94499pt x 163.76535pt on input line 53.
LaTeX Font Info:    Calculating math sizes for size <8.03> on input line 69.
LaTeX Font Info:    External font `cmex10' loaded for size
(Font)              <8.03> on input line 69.
LaTeX Font Info:    External font `cmex10' loaded for size
(Font)              <5.62097> on input line 69.
LaTeX Font Info:    External font `cmex10' loaded for size
(Font)              <4.015> on input line 69.

Overfull \hbox (5.5875pt too wide) in paragraph at lines 69--96
 [] 
 []

[1{/var/lib/texmf/fonts/map/pdftex/updmap/pdftex.map}


 <./img/mcl_algo.png>]
LaTeX Font Info:    Font shape `OT1/phv/m/it' in size <9.53561> not available
(Font)              Font shape `OT1/phv/m/sl' tried instead on input line 112.
LaTeX Font Info:    Try loading font information for OT1+pcr on input line 137.
 (/usr/share/texlive/texmf-dist/tex/latex/psnfss/ot1pcr.fd
File: ot1pcr.fd 2001/06/04 font definitions for OT1/pcr.
) [2]
<./img/sparkfunredbot.jpeg, id=16, 475.7775pt x 475.7775pt>
File: ./img/sparkfunredbot.jpeg Graphic file (type jpg)
<use ./img/sparkfunredbot.jpeg>
Package pdftex.def Info: ./img/sparkfunredbot.jpeg  used on input line 290. on input line 290.
Package pdftex.def Info: Requested size: 252.94499pt x 252.94492pt on input line 290.
LaTeX Font Info:    Calculating math sizes for size <9.53561> on input line 302.
LaTeX Font Info:    External font `cmex10' loaded for size
(Font)              <9.53561> on input line 302.
LaTeX Font Info:    External font `cmex10' loaded for size
(Font)              <6.6749> on input line 302.
LaTeX Font Info:    External font `cmex10' loaded for size
(Font)              <4.7678> on input line 302.
 [3 <./img/sparkfunredbot.jpeg>] (/usr/share/texlive/texmf-dist/tex/latex/listings/lstlang1.sty
File: lstlang1.sty 2015/06/04 1.6 listings language file
)
<./img/goalarrival.png, id=20, 582.175pt x 590.205pt>
File: ./img/goalarrival.png Graphic file (type png)
<use ./img/goalarrival.png>
Package pdftex.def Info: ./img/goalarrival.png  used on input line 325. on input line 325.
Package pdftex.def Info: Requested size: 252.94499pt x 256.4309pt on input line 325.
<./img/goalconsole.png, id=21, 1616.0375pt x 570.13pt>
File: ./img/goalconsole.png Graphic file (type png)
<use ./img/goalconsole.png>
Package pdftex.def Info: ./img/goalconsole.png  used on input line 333. on input line 333.
Package pdftex.def Info: Requested size: 252.94499pt x 89.23048pt on input line 333.
<./img/localcostmap.png, id=22, 586.19pt x 572.1375pt>
File: ./img/localcostmap.png Graphic file (type png)
<use ./img/localcostmap.png>
Package pdftex.def Info: ./img/localcostmap.png  used on input line 341. on input line 341.
Package pdftex.def Info: Requested size: 252.94499pt x 246.8786pt on input line 341.
 [4 <./img/goalarrival.png> <./img/goalconsole.png> <./img/localcostmap.png>]
Overfull \hbox (10.24034pt too wide) in paragraph at lines 353--354
[][][][][][][][][][][] 
 []


Overfull \hbox (56.0117pt too wide) in paragraph at lines 355--356
[][][][][][][][][][][] 
 []

<./img/racer_bot_DepthCloud.png, id=27, 669.2503pt x 763.35187pt>
File: ./img/racer_bot_DepthCloud.png Graphic file (type png)
<use ./img/racer_bot_DepthCloud.png>
Package pdftex.def Info: ./img/racer_bot_DepthCloud.png  used on input line 362. on input line 362.
Package pdftex.def Info: Requested size: 252.94499pt x 288.51591pt on input line 362.
<./img/rtabslam_racerbot.png, id=28, 3854.4pt x 2168.1pt>
File: ./img/rtabslam_racerbot.png Graphic file (type png)
<use ./img/rtabslam_racerbot.png>
Package pdftex.def Info: ./img/rtabslam_racerbot.png  used on input line 370. on input line 370.
Package pdftex.def Info: Requested size: 252.94499pt x 142.25475pt on input line 370.
[5 <./img/racer_bot_DepthCloud.png (PNG copy)> <./img/rtabslam_racerbot.png>] (./report_template.bbl) [6] (./report_template.aux) ) 
Here is how much of TeX's memory you used:
 3900 strings out of 494396
 61980 string characters out of 6168805
 152987 words of memory out of 5000000
 7304 multiletter control sequences out of 15000+600000
 45922 words of font info for 97 fonts, out of 8000000 for 9000
 267 hyphenation exceptions out of 8191
 41i,9n,42p,907b,1484s stack positions out of 5000i,500n,10000p,200000b,80000s
{/usr/share/texlive/texmf-dist/fonts/enc/dvips/base/8r.enc}</usr/share/texlive/texmf-dist/fonts/type1/public/amsfonts/cm/cmsy10.pfb></usr/share/texlive/texmf-dist/fonts/type1/public/amsfonts/cm/cmsy7.pfb></usr/share/texlive/texmf-dist/fonts/type1/urw/courier/ucrr8a.pfb></usr/share/texlive/texmf-dist/fonts/type1/urw/helvetic/uhvb8a.pfb></usr/share/texlive/texmf-dist/fonts/type1/urw/helvetic/uhvr8a.pfb></usr/share/texlive/texmf-dist/fonts/type1/urw/helvetic/uhvro8a.pfb></usr/share/texlive/texmf-dist/fonts/type1/urw/palatino/uplr8a.pfb></usr/share/texlive/texmf-dist/fonts/type1/urw/palatino/uplri8a.pfb></usr/share/texlive/texmf-dist/fonts/type1/urw/zapfding/uzdr.pfb>
Output written on report_template.pdf (6 pages, 2122890 bytes).
PDF statistics:
 67 PDF objects out of 1000 (max. 8388607)
 42 compressed objects within 1 object stream
 0 named destinations out of 1000 (max. 500000)
 36 words of extra memory for PDF output out of 10000 (max. 10000000)

